[debug] [2025-07-01T11:41:03.578Z] ----------------------------------------------------------------------
[debug] [2025-07-01T11:41:03.582Z] Command:       C:\Program Files\nodejs\node.exe C:\Users\selva\AppData\Roaming\npm\node_modules\firebase-tools\lib\bin\firebase.js init
[debug] [2025-07-01T11:41:03.583Z] CLI Version:   14.9.0
[debug] [2025-07-01T11:41:03.583Z] Platform:      win32
[debug] [2025-07-01T11:41:03.583Z] Node Version:  v20.11.0
[debug] [2025-07-01T11:41:03.583Z] Time:          Tue Jul 01 2025 17:11:03 GMT+0530 (India Standard Time)
[debug] [2025-07-01T11:41:03.583Z] ----------------------------------------------------------------------
[debug] 
[debug] [2025-07-01T11:41:03.591Z] > command requires scopes: ["email","openid","https://www.googleapis.com/auth/cloudplatformprojects.readonly","https://www.googleapis.com/auth/firebase","https://www.googleapis.com/auth/cloud-platform"]
[debug] [2025-07-01T11:41:03.592Z] > authorizing via signed-in user (bullsstoreeasy@gmail.com)
[info] 
     ######## #### ########  ######## ########     ###     ######  ########
     ##        ##  ##     ## ##       ##     ##  ##   ##  ##       ##
     ######    ##  ########  ######   ########  #########  ######  ######
     ##        ##  ##    ##  ##       ##     ## ##     ##       ## ##
     ##       #### ##     ## ######## ########  ##     ##  ######  ########

You're about to initialize a Firebase project in this directory:

  C:\Developement\Web Dev\SPT Crackers\src\Services

Before we get started, keep in mind:

  * You are currently outside your home directory

